[2026-05-18 15:24:35][INFO]  Daemon mode — refreshing every 60s
[2026-05-18 15:24:35][INFO]  ──────────────────────────────────────────────────
[2026-05-18 15:24:35][INFO]  Data Refresh Agent starting
[2026-05-18 15:24:35][OK]    Mounts healthy: 24
[2026-05-18 15:24:35][INFO]  Starting full file scan...
[2026-05-18 15:24:41][OK]    File scan complete
[2026-05-18 15:24:41][OK]    Refresh complete
[2026-05-18 15:24:41][INFO]  ──────────────────────────────────────────────────
[2026-05-18 15:25:42][INFO]  ──────────────────────────────────────────────────
[2026-05-18 15:25:42][INFO]  Data Refresh Agent starting
[2026-05-18 15:25:42][OK]    Mounts healthy: 24
[2026-05-18 15:25:42][INFO]  Starting full file scan...
[2026-05-18 15:25:48][OK]    File scan complete
[2026-05-18 15:25:48][OK]    Refresh complete
[2026-05-18 15:25:48][INFO]  ──────────────────────────────────────────────────
[2026-05-18 15:26:48][INFO]  ──────────────────────────────────────────────────
[2026-05-18 15:26:48][INFO]  Data Refresh Agent starting
[2026-05-18 15:26:48][OK]    Mounts healthy: 24
[2026-05-18 15:26:48][INFO]  Starting full file scan...
[2026-05-18 15:26:54][OK]    File scan complete
[2026-05-18 15:26:54][OK]    Refresh complete
[2026-05-18 15:26:54][INFO]  ──────────────────────────────────────────────────
[2026-05-18 15:27:54][INFO]  ──────────────────────────────────────────────────
[2026-05-18 15:27:54][INFO]  Data Refresh Agent starting
[2026-05-18 15:27:54][OK]    Mounts healthy: 24
[2026-05-18 15:27:54][INFO]  Starting full file scan...
[2026-05-18 15:28:00][OK]    File scan complete
[2026-05-18 15:28:00][OK]    Refresh complete
[2026-05-18 15:28:00][INFO]  ──────────────────────────────────────────────────
